# JRE version: Java(TM) SE Runtime Environment (9.0+11) (build 9.0.4+11)
# Java VM: Java HotSpot(TM) 64-Bit Server VM (9.0.4+11, mixed mode, tiered, compressed oops, g1 gc, windows-amd64)
Heap:
 garbage-first heap   total 373760K, used 165821K [0x0000000700000000, 0x0000000700100b68, 0x00000007c0000000)
  region size 1024K, 54 young (55296K), 1 survivors (1024K)
 Metaspace       used 86037K, capacity 88005K, committed 96080K, reserved 1132544K
  class space    used 11091K, capacity 11499K, committed 13180K, reserved 1048576K
GC Heap History (10 events):
Event: 3992.966 GC heap before
{Heap before GC invocations=1226 (full 233):
 garbage-first heap   total 373760K, used 172934K [0x0000000700000000, 0x0000000700100b68, 0x00000007c0000000)
  region size 1024K, 60 young (61440K), 1 survivors (1024K)
 Metaspace       used 86020K, capacity 88005K, committed 96080K, reserved 1132544K
  class space    used 11090K, capacity 11499K, committed 13180K, reserved 1048576K
}
Event: 3992.969 GC heap after
{Heap after GC invocations=1227 (full 233):
 garbage-first heap   total 373760K, used 112606K [0x0000000700000000, 0x0000000700100b68, 0x00000007c0000000)
  region size 1024K, 1 young (1024K), 1 survivors (1024K)
 Metaspace       used 86020K, capacity 88005K, committed 96080K, reserved 1132544K
  class space    used 11090K, capacity 11499K, committed 13180K, reserved 1048576K
}
Event: 3999.259 GC heap before
{Heap before GC invocations=1227 (full 233):
 garbage-first heap   total 373760K, used 173022K [0x0000000700000000, 0x0000000700100b68, 0x00000007c0000000)
  region size 1024K, 60 young (61440K), 1 survivors (1024K)
 Metaspace       used 86026K, capacity 88005K, committed 96080K, reserved 1132544K
  class space    used 11090K, capacity 11499K, committed 13180K, reserved 1048576K
}
Event: 3999.262 GC heap after
{Heap after GC invocations=1228 (full 233):
 garbage-first heap   total 373760K, used 112921K [0x0000000700000000, 0x0000000700100b68, 0x00000007c0000000)
  region size 1024K, 1 young (1024K), 1 survivors (1024K)
 Metaspace       used 86026K, capacity 88005K, committed 96080K, reserved 1132544K
  class space    used 11090K, capacity 11499K, committed 13180K, reserved 1048576K
}
Event: 4001.046 GC heap before
{Heap before GC invocations=1228 (full 233):
 garbage-first heap   total 373760K, used 173337K [0x0000000700000000, 0x0000000700100b68, 0x00000007c0000000)
  region size 1024K, 60 young (61440K), 1 survivors (1024K)
 Metaspace       used 86026K, capacity 88005K, committed 96080K, reserved 1132544K
  class space    used 11090K, capacity 11499K, committed 13180K, reserved 1048576K
}
Event: 4001.049 GC heap after
{Heap after GC invocations=1229 (full 233):
 garbage-first heap   total 373760K, used 112707K [0x0000000700000000, 0x0000000700100b68, 0x00000007c0000000)
  region size 1024K, 1 young (1024K), 1 survivors (1024K)
 Metaspace       used 86026K, capacity 88005K, committed 96080K, reserved 1132544K
  class space    used 11090K, capacity 11499K, committed 13180K, reserved 1048576K
}
Event: 4001.663 GC heap before
{Heap before GC invocations=1229 (full 233):
 garbage-first heap   total 373760K, used 173123K [0x0000000700000000, 0x0000000700100b68, 0x00000007c0000000)
  region size 1024K, 60 young (61440K), 1 survivors (1024K)
 Metaspace       used 86026K, capacity 88005K, committed 96080K, reserved 1132544K
  class space    used 11090K, capacity 11499K, committed 13180K, reserved 1048576K
}
Event: 4001.665 GC heap after
{Heap after GC invocations=1230 (full 233):
 garbage-first heap   total 373760K, used 112540K [0x0000000700000000, 0x0000000700100b68, 0x00000007c0000000)
  region size 1024K, 1 young (1024K), 1 survivors (1024K)
 Metaspace       used 86026K, capacity 88005K, committed 96080K, reserved 1132544K
  class space    used 11090K, capacity 11499K, committed 13180K, reserved 1048576K
}
Event: 4002.392 GC heap before
{Heap before GC invocations=1230 (full 233):
 garbage-first heap   total 373760K, used 172956K [0x0000000700000000, 0x0000000700100b68, 0x00000007c0000000)
  region size 1024K, 60 young (61440K), 1 survivors (1024K)
 Metaspace       used 86037K, capacity 88005K, committed 96080K, reserved 1132544K
  class space    used 11091K, capacity 11499K, committed 13180K, reserved 1048576K
}
Event: 4002.394 GC heap after
{Heap after GC invocations=1231 (full 233):
 garbage-first heap   total 373760K, used 112573K [0x0000000700000000, 0x0000000700100b68, 0x00000007c0000000)
  region size 1024K, 1 young (1024K), 1 survivors (1024K)
 Metaspace       used 86037K, capacity 88005K, committed 96080K, reserved 1132544K
  class space    used 11091K, capacity 11499K, committed 13180K, reserved 1048576K
}

